<?xml version="1.0" encoding="UTF-8"?>
<robot generator="Robot 3.2.2 (Python 3.10.4 on win32)" generated="20220816 16:36:15.731" rpa="false">
<suite id="s1" name="MMT Robot" source="C:\Users\P1345336\eclipse-workspace\MMT_Robot">
<suite id="s1-s1" name="Test Cases" source="C:\Users\P1345336\eclipse-workspace\MMT_Robot\Test_Cases">
<suite id="s1-s1-s1" name="MMT Search" source="C:\Users\P1345336\eclipse-workspace\MMT_Robot\Test_Cases\MMT_Search.robot">
<test id="s1-s1-s1-t1" name="MMT-Hotels-TC-002">
<kw name="Launch Browser" library="Common_Functionalites">
<kw name="Open Browser" library="SeleniumLibrary">
<doc>Opens a new browser instance to the optional ``url``.</doc>
<arguments>
<arg>https://www.makemytrip.com/</arg>
<arg>chrome</arg>
<arg>executable_path=${EXECDIR}${/}Drivers${/}chromedriver.exe</arg>
</arguments>
<msg timestamp="20220816 16:36:16.055" level="INFO">Opening browser 'chrome' to base url 'https://www.makemytrip.com/'.</msg>
<status status="PASS" starttime="20220816 16:36:16.055" endtime="20220816 16:36:22.389"></status>
</kw>
<kw name="Maximize Browser Window" library="SeleniumLibrary">
<doc>Maximizes current browser window.</doc>
<status status="PASS" starttime="20220816 16:36:22.389" endtime="20220816 16:36:22.514"></status>
</kw>
<status status="PASS" starttime="20220816 16:36:16.054" endtime="20220816 16:36:22.515"></status>
</kw>
<kw name="Run Keyword And Ignore Error" library="BuiltIn">
<doc>Runs the given keyword with the given arguments and ignores possible error.</doc>
<arguments>
<arg>Wait</arg>
</arguments>
<kw name="Wait" library="Home_Page">
<kw name="Run Keyword And Ignore Error" library="BuiltIn">
<doc>Runs the given keyword with the given arguments and ignores possible error.</doc>
<arguments>
<arg>Click Element</arg>
<arg>${PP1}</arg>
</arguments>
<kw name="Click Element" library="SeleniumLibrary">
<doc>Click the element identified by ``locator``.</doc>
<arguments>
<arg>${PP1}</arg>
</arguments>
<msg timestamp="20220816 16:36:22.518" level="INFO">Clicking element '//span[@class="langCardClose"]'.</msg>
<status status="PASS" starttime="20220816 16:36:22.517" endtime="20220816 16:36:22.652"></status>
</kw>
<status status="PASS" starttime="20220816 16:36:22.517" endtime="20220816 16:36:22.653"></status>
</kw>
<kw name="Sleep" library="BuiltIn">
<doc>Pauses the test executed for the given time.</doc>
<arguments>
<arg>2s</arg>
</arguments>
<msg timestamp="20220816 16:36:24.665" level="INFO">Slept 2 seconds</msg>
<status status="PASS" starttime="20220816 16:36:22.653" endtime="20220816 16:36:24.666"></status>
</kw>
<kw name="Run Keyword And Ignore Error" library="BuiltIn">
<doc>Runs the given keyword with the given arguments and ignores possible error.</doc>
<arguments>
<arg>Click Element</arg>
<arg>${PP2}</arg>
</arguments>
<kw name="Click Element" library="SeleniumLibrary">
<doc>Click the element identified by ``locator``.</doc>
<arguments>
<arg>${PP2}</arg>
</arguments>
<msg timestamp="20220816 16:36:24.668" level="INFO">Clicking element '//section[@class='modalMain tcnFooter ']'.</msg>
<msg timestamp="20220816 16:36:24.799" level="INFO" html="yes">&lt;/td&gt;&lt;/tr&gt;&lt;tr&gt;&lt;td colspan="3"&gt;&lt;a href="selenium-screenshot-108.png"&gt;&lt;img src="selenium-screenshot-108.png" width="800px"&gt;&lt;/a&gt;</msg>
<msg timestamp="20220816 16:36:24.808" level="FAIL">Element with locator '//section[@class='modalMain tcnFooter ']' not found.</msg>
<status status="FAIL" starttime="20220816 16:36:24.667" endtime="20220816 16:36:24.808"></status>
</kw>
<status status="PASS" starttime="20220816 16:36:24.666" endtime="20220816 16:36:24.809"></status>
</kw>
<kw name="Sleep" library="BuiltIn">
<doc>Pauses the test executed for the given time.</doc>
<arguments>
<arg>2s</arg>
</arguments>
<msg timestamp="20220816 16:36:26.810" level="INFO">Slept 2 seconds</msg>
<status status="PASS" starttime="20220816 16:36:24.809" endtime="20220816 16:36:26.810"></status>
</kw>
<kw name="Run Keyword And Ignore Error" library="BuiltIn">
<doc>Runs the given keyword with the given arguments and ignores possible error.</doc>
<arguments>
<arg>Click Element</arg>
<arg>${PP3}</arg>
</arguments>
<kw name="Click Element" library="SeleniumLibrary">
<doc>Click the element identified by ``locator``.</doc>
<arguments>
<arg>${PP3}</arg>
</arguments>
<msg timestamp="20220816 16:36:26.812" level="INFO">Clicking element '//li[@data-cy="account"]'.</msg>
<status status="PASS" starttime="20220816 16:36:26.811" endtime="20220816 16:36:27.068"></status>
</kw>
<status status="PASS" starttime="20220816 16:36:26.811" endtime="20220816 16:36:27.068"></status>
</kw>
<status status="PASS" starttime="20220816 16:36:22.516" endtime="20220816 16:36:27.069"></status>
</kw>
<status status="PASS" starttime="20220816 16:36:22.515" endtime="20220816 16:36:27.069"></status>
</kw>
<kw name="Click on Hotel" library="Home_Page">
<kw name="Click Element" library="SeleniumLibrary">
<doc>Click the element identified by ``locator``.</doc>
<arguments>
<arg>${HOTELS}</arg>
</arguments>
<msg timestamp="20220816 16:36:27.071" level="INFO">Clicking element '//*[contains(@class,'chSprite chHotels')]'.</msg>
<msg timestamp="20220816 16:36:28.280" level="INFO" html="yes">&lt;/td&gt;&lt;/tr&gt;&lt;tr&gt;&lt;td colspan="3"&gt;&lt;a href="selenium-screenshot-109.png"&gt;&lt;img src="selenium-screenshot-109.png" width="800px"&gt;&lt;/a&gt;</msg>
<msg timestamp="20220816 16:36:28.287" level="FAIL">ElementClickInterceptedException: Message: element click intercepted: Element &lt;span class="chNavIcon appendBottom2 chSprite chHotels"&gt;&lt;/span&gt; is not clickable at point (328, 115). Other element would receive the click: &lt;div data-cy="outsideModal" class=" modal displayBlock modalLogin dynHeight personal "&gt;...&lt;/div&gt;
  (Session info: chrome=104.0.5112.81)
Stacktrace:
Backtrace:
	Ordinal0 [0x008E78B3+2193587]
	Ordinal0 [0x00880681+1771137]
	Ordinal0 [0x007941A8+803240]
	Ordinal0 [0x007C8C84+1019012]
	Ordinal0 [0x007C6C48+1010760]
	Ordinal0 [0x007C493B+1001787]
	Ordinal0 [0x007C3699+997017]
	Ordinal0 [0x007B9223+954915]
	Ordinal0 [0x007DD7AC+1103788]
	Ordinal0 [0x007B8C04+953348]
	Ordinal0 [0x007DD9C4+1104324]
	Ordinal0 [0x007EDAE2+1170146]
	Ordinal0 [0x007DD5C6+1103302]
	Ordinal0 [0x007B77E0+948192]
	Ordinal0 [0x007B86E6+952038]
	GetHandleVerifier [0x00B90CB2+2738370]
	GetHandleVerifier [0x00B821B8+2678216]
	GetHandleVerifier [0x009717AA+512954]
	GetHandleVerifier [0x00970856+509030]
	Ordinal0 [0x0088743B+1799227]
	Ordinal0 [0x0088BB68+1817448]
	Ordinal0 [0x0088BC55+1817685]
	Ordinal0 [0x00895230+1856048]
	BaseThreadInitThunk [0x760CFA29+25]
	RtlGetAppContainerNamedObjectPath [0x772B7A9E+286]
	RtlGetAppContainerNamedObjectPath [0x772B7A6E+238]
</msg>
<status status="FAIL" starttime="20220816 16:36:27.071" endtime="20220816 16:36:28.288"></status>
</kw>
<status status="FAIL" starttime="20220816 16:36:27.070" endtime="20220816 16:36:28.289"></status>
</kw>
<doc>This Testcase Verify that User can select Rooms &amp; Guests with childrens and Search</doc>
<status status="FAIL" starttime="20220816 16:36:16.054" endtime="20220816 16:36:28.290" critical="yes">ElementClickInterceptedException: Message: element click intercepted: Element &lt;span class="chNavIcon appendBottom2 chSprite chHotels"&gt;&lt;/span&gt; is not clickable at point (328, 115). Other element would receive the click: &lt;div data-cy="outsideModal" class=" modal displayBlock modalLogin dynHeight personal "&gt;...&lt;/div&gt;
  (Session info: chrome=104.0.5112.81)
Stacktrace:
Backtrace:
	Ordinal0 [0x008E78B3+2193587]
	Ordinal0 [0x00880681+1771137]
	Ordinal0 [0x007941A8+803240]
	Ordinal0 [0x007C8C84+1019012]
	Ordinal0 [0x007C6C48+1010760]
	Ordinal0 [0x007C493B+1001787]
	Ordinal0 [0x007C3699+997017]
	Ordinal0 [0x007B9223+954915]
	Ordinal0 [0x007DD7AC+1103788]
	Ordinal0 [0x007B8C04+953348]
	Ordinal0 [0x007DD9C4+1104324]
	Ordinal0 [0x007EDAE2+1170146]
	Ordinal0 [0x007DD5C6+1103302]
	Ordinal0 [0x007B77E0+948192]
	Ordinal0 [0x007B86E6+952038]
	GetHandleVerifier [0x00B90CB2+2738370]
	GetHandleVerifier [0x00B821B8+2678216]
	GetHandleVerifier [0x009717AA+512954]
	GetHandleVerifier [0x00970856+509030]
	Ordinal0 [0x0088743B+1799227]
	Ordinal0 [0x0088BB68+1817448]
	Ordinal0 [0x0088BC55+1817685]
	Ordinal0 [0x00895230+1856048]
	BaseThreadInitThunk [0x760CFA29+25]
	RtlGetAppContainerNamedObjectPath [0x772B7A9E+286]
	RtlGetAppContainerNamedObjectPath [0x772B7A6E+238]
</status>
</test>
<doc>This file contains keywords for Search Page
</doc>
<status status="FAIL" starttime="20220816 16:36:15.803" endtime="20220816 16:36:28.292"></status>
</suite>
<status status="FAIL" starttime="20220816 16:36:15.800" endtime="20220816 16:36:28.298"></status>
</suite>
<status status="FAIL" starttime="20220816 16:36:15.782" endtime="20220816 16:36:28.302"></status>
</suite>
<statistics>
<total>
<stat pass="0" fail="1">Critical Tests</stat>
<stat pass="0" fail="1">All Tests</stat>
</total>
<tag>
</tag>
<suite>
<stat pass="0" fail="1" id="s1" name="MMT Robot">MMT Robot</stat>
<stat pass="0" fail="1" id="s1-s1" name="Test Cases">MMT Robot.Test Cases</stat>
<stat pass="0" fail="1" id="s1-s1-s1" name="MMT Search">MMT Robot.Test Cases.MMT Search</stat>
</suite>
</statistics>
<errors>
</errors>
</robot>
